{"C:\\Users\\shiva\\Desktop\\juniorq\\backend\\src\\server.ts": {"path":"C:\\Users\\shiva\\Desktop\\juniorq\\backend\\src\\server.ts","statementMap":{"0":{"start":{"line":1,"column":0},"end":{"line":1,"column":30}},"1":{"start":{"line":2,"column":0},"end":{"line":2,"column":24}},"2":{"start":{"line":3,"column":0},"end":{"line":3,"column":28}},"3":{"start":{"line":4,"column":0},"end":{"line":4,"column":41}},"4":{"start":{"line":5,"column":0},"end":{"line":5,"column":24}},"5":{"start":{"line":6,"column":0},"end":{"line":6,"column":40}},"6":{"start":{"line":7,"column":0},"end":{"line":7,"column":60}},"7":{"start":{"line":8,"column":0},"end":{"line":8,"column":57}},"8":{"start":{"line":9,"column":0},"end":{"line":9,"column":53}},"9":{"start":{"line":10,"column":0},"end":{"line":10,"column":45}},"10":{"start":{"line":13,"column":0},"end":{"line":13,"column":16}},"11":{"start":{"line":16,"column":12},"end":{"line":16,"column":21}},"12":{"start":{"line":17,"column":13},"end":{"line":17,"column":37}},"13":{"start":{"line":20,"column":0},"end":{"line":23,"column":4}},"14":{"start":{"line":24,"column":0},"end":{"line":24,"column":41}},"15":{"start":{"line":25,"column":0},"end":{"line":25,"column":63}},"16":{"start":{"line":26,"column":0},"end":{"line":26,"column":24}},"17":{"start":{"line":29,"column":0},"end":{"line":29,"column":79}},"18":{"start":{"line":32,"column":0},"end":{"line":32,"column":33}},"19":{"start":{"line":33,"column":0},"end":{"line":33,"column":46}},"20":{"start":{"line":34,"column":0},"end":{"line":34,"column":42}},"21":{"start":{"line":37,"column":0},"end":{"line":44,"column":3}},"22":{"start":{"line":38,"column":2},"end":{"line":43,"column":5}},"23":{"start":{"line":47,"column":0},"end":{"line":49,"column":3}},"24":{"start":{"line":48,"column":2},"end":{"line":48,"column":74}},"25":{"start":{"line":52,"column":0},"end":{"line":52,"column":22}},"26":{"start":{"line":55,"column":20},"end":{"line":65,"column":1}},"27":{"start":{"line":56,"column":2},"end":{"line":64,"column":3}},"28":{"start":{"line":57,"column":4},"end":{"line":57,"column":22}},"29":{"start":{"line":58,"column":4},"end":{"line":60,"column":7}},"30":{"start":{"line":59,"column":6},"end":{"line":59,"column":52}},"31":{"start":{"line":62,"column":4},"end":{"line":62,"column":52}},"32":{"start":{"line":63,"column":4},"end":{"line":63,"column":20}},"33":{"start":{"line":67,"column":0},"end":{"line":67,"column":14}},"34":{"start":{"line":69,"column":0},"end":{"line":69,"column":19}}},"fnMap":{"0":{"name":"(anonymous_1)","decl":{"start":{"line":37,"column":23},"end":{"line":37,"column":24}},"loc":{"start":{"line":37,"column":36},"end":{"line":44,"column":1}}},"1":{"name":"(anonymous_2)","decl":{"start":{"line":47,"column":8},"end":{"line":47,"column":9}},"loc":{"start":{"line":47,"column":21},"end":{"line":49,"column":1}}},"2":{"name":"(anonymous_3)","decl":{"start":{"line":55,"column":20},"end":{"line":55,"column":25}},"loc":{"start":{"line":55,"column":31},"end":{"line":65,"column":1}}},"3":{"name":"(anonymous_4)","decl":{"start":{"line":58,"column":21},"end":{"line":58,"column":24}},"loc":{"start":{"line":58,"column":26},"end":{"line":60,"column":5}}}},"branchMap":{"0":{"loc":{"start":{"line":17,"column":13},"end":{"line":17,"column":37}},"type":"binary-expr","locations":[{"start":{"line":17,"column":13},"end":{"line":17,"column":29}},{"start":{"line":17,"column":33},"end":{"line":17,"column":37}}]},"1":{"loc":{"start":{"line":21,"column":10},"end":{"line":21,"column":59}},"type":"binary-expr","locations":[{"start":{"line":21,"column":10},"end":{"line":21,"column":32}},{"start":{"line":21,"column":36},"end":{"line":21,"column":59}}]},"2":{"loc":{"start":{"line":42,"column":17},"end":{"line":42,"column":54}},"type":"binary-expr","locations":[{"start":{"line":42,"column":17},"end":{"line":42,"column":37}},{"start":{"line":42,"column":41},"end":{"line":42,"column":54}}]}},"s":{"0":0,"1":0,"2":0,"3":0,"4":0,"5":0,"6":0,"7":0,"8":0,"9":0,"10":0,"11":0,"12":0,"13":0,"14":0,"15":0,"16":0,"17":0,"18":0,"19":0,"20":0,"21":0,"22":0,"23":0,"24":0,"25":0,"26":0,"27":0,"28":0,"29":0,"30":0,"31":0,"32":0,"33":0,"34":0},"f":{"0":0,"1":0,"2":0,"3":0},"b":{"0":[0,0],"1":[0,0],"2":[0,0]}}
,"C:\\Users\\shiva\\Desktop\\juniorq\\backend\\src\\config\\db.ts": {"path":"C:\\Users\\shiva\\Desktop\\juniorq\\backend\\src\\config\\db.ts","statementMap":{"0":{"start":{"line":1,"column":0},"end":{"line":1,"column":32}},"1":{"start":{"line":3,"column":18},"end":{"line":15,"column":1}},"2":{"start":{"line":4,"column":2},"end":{"line":14,"column":3}},"3":{"start":{"line":5,"column":17},"end":{"line":8,"column":33}},"4":{"start":{"line":10,"column":4},"end":{"line":10,"column":62}},"5":{"start":{"line":12,"column":4},"end":{"line":12,"column":59}},"6":{"start":{"line":13,"column":4},"end":{"line":13,"column":20}},"7":{"start":{"line":17,"column":9},"end":{"line":17,"column":18}}},"fnMap":{"0":{"name":"(anonymous_1)","decl":{"start":{"line":3,"column":18},"end":{"line":3,"column":23}},"loc":{"start":{"line":3,"column":29},"end":{"line":15,"column":1}}}},"branchMap":{"0":{"loc":{"start":{"line":5,"column":40},"end":{"line":5,"column":100}},"type":"binary-expr","locations":[{"start":{"line":5,"column":40},"end":{"line":5,"column":61}},{"start":{"line":5,"column":65},"end":{"line":5,"column":100}}]}},"s":{"0":0,"1":0,"2":0,"3":0,"4":0,"5":0,"6":0,"7":0},"f":{"0":0},"b":{"0":[0,0]}}
,"C:\\Users\\shiva\\Desktop\\juniorq\\backend\\src\\controllers\\authController.ts": {"path":"C:\\Users\\shiva\\Desktop\\juniorq\\backend\\src\\controllers\\authController.ts","statementMap":{"0":{"start":{"line":2,"column":0},"end":{"line":2,"column":53}},"1":{"start":{"line":3,"column":0},"end":{"line":3,"column":28}},"2":{"start":{"line":5,"column":0},"end":{"line":5,"column":39}},"3":{"start":{"line":6,"column":0},"end":{"line":6,"column":43}},"4":{"start":{"line":11,"column":24},"end":{"line":59,"column":1}},"5":{"start":{"line":12,"column":2},"end":{"line":58,"column":3}},"6":{"start":{"line":13,"column":19},"end":{"line":13,"column":40}},"7":{"start":{"line":14,"column":4},"end":{"line":16,"column":5}},"8":{"start":{"line":15,"column":6},"end":{"line":15,"column":78}},"9":{"start":{"line":18,"column":44},"end":{"line":18,"column":52}},"10":{"start":{"line":21,"column":23},"end":{"line":21,"column":52}},"11":{"start":{"line":22,"column":4},"end":{"line":24,"column":5}},"12":{"start":{"line":23,"column":6},"end":{"line":23,"column":86}},"13":{"start":{"line":27,"column":17},"end":{"line":32,"column":6}},"14":{"start":{"line":35,"column":18},"end":{"line":35,"column":42}},"15":{"start":{"line":38,"column":20},"end":{"line":44,"column":6}},"16":{"start":{"line":46,"column":4},"end":{"line":55,"column":7}},"17":{"start":{"line":57,"column":4},"end":{"line":57,"column":16}},"18":{"start":{"line":11,"column":13},"end":{"line":11,"column":24}},"19":{"start":{"line":64,"column":21},"end":{"line":110,"column":1}},"20":{"start":{"line":65,"column":2},"end":{"line":109,"column":3}},"21":{"start":{"line":66,"column":32},"end":{"line":66,"column":40}},"22":{"start":{"line":69,"column":4},"end":{"line":71,"column":5}},"23":{"start":{"line":70,"column":6},"end":{"line":70,"column":103}},"24":{"start":{"line":74,"column":17},"end":{"line":74,"column":66}},"25":{"start":{"line":75,"column":4},"end":{"line":77,"column":5}},"26":{"start":{"line":76,"column":6},"end":{"line":76,"column":86}},"27":{"start":{"line":80,"column":20},"end":{"line":80,"column":54}},"28":{"start":{"line":81,"column":4},"end":{"line":83,"column":5}},"29":{"start":{"line":82,"column":6},"end":{"line":82,"column":86}},"30":{"start":{"line":86,"column":18},"end":{"line":86,"column":42}},"31":{"start":{"line":89,"column":20},"end":{"line":95,"column":6}},"32":{"start":{"line":97,"column":4},"end":{"line":106,"column":7}},"33":{"start":{"line":108,"column":4},"end":{"line":108,"column":16}},"34":{"start":{"line":64,"column":13},"end":{"line":64,"column":21}},"35":{"start":{"line":115,"column":21},"end":{"line":122,"column":1}},"36":{"start":{"line":116,"column":2},"end":{"line":121,"column":3}},"37":{"start":{"line":117,"column":17},"end":{"line":117,"column":58}},"38":{"start":{"line":118,"column":4},"end":{"line":118,"column":56}},"39":{"start":{"line":120,"column":4},"end":{"line":120,"column":16}},"40":{"start":{"line":115,"column":13},"end":{"line":115,"column":21}},"41":{"start":{"line":127,"column":30},"end":{"line":162,"column":1}},"42":{"start":{"line":128,"column":2},"end":{"line":161,"column":3}},"43":{"start":{"line":129,"column":17},"end":{"line":129,"column":62}},"44":{"start":{"line":131,"column":4},"end":{"line":133,"column":5}},"45":{"start":{"line":132,"column":6},"end":{"line":132,"column":96}},"46":{"start":{"line":136,"column":23},"end":{"line":136,"column":51}},"47":{"start":{"line":137,"column":4},"end":{"line":137,"column":51}},"48":{"start":{"line":140,"column":21},"end":{"line":140,"column":96}},"49":{"start":{"line":142,"column":20},"end":{"line":142,"column":166}},"50":{"start":{"line":144,"column":4},"end":{"line":158,"column":5}},"51":{"start":{"line":145,"column":6},"end":{"line":149,"column":9}},"52":{"start":{"line":151,"column":6},"end":{"line":151,"column":66}},"53":{"start":{"line":153,"column":6},"end":{"line":153,"column":27}},"54":{"start":{"line":154,"column":6},"end":{"line":154,"column":42}},"55":{"start":{"line":155,"column":6},"end":{"line":155,"column":43}},"56":{"start":{"line":156,"column":6},"end":{"line":156,"column":53}},"57":{"start":{"line":157,"column":6},"end":{"line":157,"column":90}},"58":{"start":{"line":160,"column":4},"end":{"line":160,"column":16}},"59":{"start":{"line":127,"column":13},"end":{"line":127,"column":30}},"60":{"start":{"line":167,"column":29},"end":{"line":206,"column":1}},"61":{"start":{"line":168,"column":2},"end":{"line":205,"column":3}},"62":{"start":{"line":170,"column":31},"end":{"line":173,"column":20}},"63":{"start":{"line":175,"column":17},"end":{"line":178,"column":6}},"64":{"start":{"line":180,"column":4},"end":{"line":182,"column":5}},"65":{"start":{"line":181,"column":6},"end":{"line":181,"column":80}},"66":{"start":{"line":185,"column":4},"end":{"line":185,"column":38}},"67":{"start":{"line":186,"column":4},"end":{"line":186,"column":40}},"68":{"start":{"line":187,"column":4},"end":{"line":187,"column":41}},"69":{"start":{"line":188,"column":4},"end":{"line":188,"column":22}},"70":{"start":{"line":191,"column":18},"end":{"line":191,"column":42}},"71":{"start":{"line":193,"column":4},"end":{"line":202,"column":7}},"72":{"start":{"line":204,"column":4},"end":{"line":204,"column":16}},"73":{"start":{"line":167,"column":13},"end":{"line":167,"column":29}},"74":{"start":{"line":211,"column":22},"end":{"line":218,"column":1}},"75":{"start":{"line":212,"column":2},"end":{"line":215,"column":5}},"76":{"start":{"line":217,"column":2},"end":{"line":217,"column":52}},"77":{"start":{"line":211,"column":13},"end":{"line":211,"column":22}}},"fnMap":{"0":{"name":"(anonymous_1)","decl":{"start":{"line":11,"column":24},"end":{"line":11,"column":29}},"loc":{"start":{"line":11,"column":82},"end":{"line":59,"column":1}}},"1":{"name":"(anonymous_2)","decl":{"start":{"line":64,"column":21},"end":{"line":64,"column":26}},"loc":{"start":{"line":64,"column":79},"end":{"line":110,"column":1}}},"2":{"name":"(anonymous_3)","decl":{"start":{"line":115,"column":21},"end":{"line":115,"column":26}},"loc":{"start":{"line":115,"column":79},"end":{"line":122,"column":1}}},"3":{"name":"(anonymous_4)","decl":{"start":{"line":127,"column":30},"end":{"line":127,"column":35}},"loc":{"start":{"line":127,"column":88},"end":{"line":162,"column":1}}},"4":{"name":"(anonymous_5)","decl":{"start":{"line":167,"column":29},"end":{"line":167,"column":34}},"loc":{"start":{"line":167,"column":87},"end":{"line":206,"column":1}}},"5":{"name":"(anonymous_6)","decl":{"start":{"line":211,"column":22},"end":{"line":211,"column":23}},"loc":{"start":{"line":211,"column":54},"end":{"line":218,"column":1}}}},"branchMap":{"0":{"loc":{"start":{"line":14,"column":4},"end":{"line":16,"column":5}},"type":"if","locations":[{"start":{"line":14,"column":4},"end":{"line":16,"column":5}},{"start":{},"end":{}}]},"1":{"loc":{"start":{"line":22,"column":4},"end":{"line":24,"column":5}},"type":"if","locations":[{"start":{"line":22,"column":4},"end":{"line":24,"column":5}},{"start":{},"end":{}}]},"2":{"loc":{"start":{"line":31,"column":12},"end":{"line":31,"column":29}},"type":"binary-expr","locations":[{"start":{"line":31,"column":12},"end":{"line":31,"column":16}},{"start":{"line":31,"column":20},"end":{"line":31,"column":29}}]},"3":{"loc":{"start":{"line":40,"column":22},"end":{"line":40,"column":98}},"type":"cond-expr","locations":[{"start":{"line":40,"column":54},"end":{"line":40,"column":93}},{"start":{"line":40,"column":96},"end":{"line":40,"column":98}}]},"4":{"loc":{"start":{"line":69,"column":4},"end":{"line":71,"column":5}},"type":"if","locations":[{"start":{"line":69,"column":4},"end":{"line":71,"column":5}},{"start":{},"end":{}}]},"5":{"loc":{"start":{"line":69,"column":8},"end":{"line":69,"column":27}},"type":"binary-expr","locations":[{"start":{"line":69,"column":8},"end":{"line":69,"column":14}},{"start":{"line":69,"column":18},"end":{"line":69,"column":27}}]},"6":{"loc":{"start":{"line":75,"column":4},"end":{"line":77,"column":5}},"type":"if","locations":[{"start":{"line":75,"column":4},"end":{"line":77,"column":5}},{"start":{},"end":{}}]},"7":{"loc":{"start":{"line":81,"column":4},"end":{"line":83,"column":5}},"type":"if","locations":[{"start":{"line":81,"column":4},"end":{"line":83,"column":5}},{"start":{},"end":{}}]},"8":{"loc":{"start":{"line":91,"column":22},"end":{"line":91,"column":98}},"type":"cond-expr","locations":[{"start":{"line":91,"column":54},"end":{"line":91,"column":93}},{"start":{"line":91,"column":96},"end":{"line":91,"column":98}}]},"9":{"loc":{"start":{"line":131,"column":4},"end":{"line":133,"column":5}},"type":"if","locations":[{"start":{"line":131,"column":4},"end":{"line":133,"column":5}},{"start":{},"end":{}}]},"10":{"loc":{"start":{"line":180,"column":4},"end":{"line":182,"column":5}},"type":"if","locations":[{"start":{"line":180,"column":4},"end":{"line":182,"column":5}},{"start":{},"end":{}}]}},"s":{"0":0,"1":0,"2":0,"3":0,"4":0,"5":0,"6":0,"7":0,"8":0,"9":0,"10":0,"11":0,"12":0,"13":0,"14":0,"15":0,"16":0,"17":0,"18":0,"19":0,"20":0,"21":0,"22":0,"23":0,"24":0,"25":0,"26":0,"27":0,"28":0,"29":0,"30":0,"31":0,"32":0,"33":0,"34":0,"35":0,"36":0,"37":0,"38":0,"39":0,"40":0,"41":0,"42":0,"43":0,"44":0,"45":0,"46":0,"47":0,"48":0,"49":0,"50":0,"51":0,"52":0,"53":0,"54":0,"55":0,"56":0,"57":0,"58":0,"59":0,"60":0,"61":0,"62":0,"63":0,"64":0,"65":0,"66":0,"67":0,"68":0,"69":0,"70":0,"71":0,"72":0,"73":0,"74":0,"75":0,"76":0,"77":0},"f":{"0":0,"1":0,"2":0,"3":0,"4":0,"5":0},"b":{"0":[0,0],"1":[0,0],"2":[0,0],"3":[0,0],"4":[0,0],"5":[0,0],"6":[0,0],"7":[0,0],"8":[0,0],"9":[0,0],"10":[0,0]}}
,"C:\\Users\\shiva\\Desktop\\juniorq\\backend\\src\\middleware\\errorMiddleware.ts": {"path":"C:\\Users\\shiva\\Desktop\\juniorq\\backend\\src\\middleware\\errorMiddleware.ts","statementMap":{"0":{"start":{"line":10,"column":21},"end":{"line":60,"column":1}},"1":{"start":{"line":16,"column":2},"end":{"line":16,"column":27}},"2":{"start":{"line":18,"column":19},"end":{"line":18,"column":40}},"3":{"start":{"line":19,"column":16},"end":{"line":19,"column":54}},"4":{"start":{"line":22,"column":2},"end":{"line":35,"column":3}},"5":{"start":{"line":23,"column":4},"end":{"line":23,"column":21}},"6":{"start":{"line":24,"column":43},"end":{"line":24,"column":45}},"7":{"start":{"line":25,"column":4},"end":{"line":29,"column":5}},"8":{"start":{"line":26,"column":6},"end":{"line":28,"column":9}},"9":{"start":{"line":27,"column":8},"end":{"line":27,"column":68}},"10":{"start":{"line":30,"column":4},"end":{"line":34,"column":7}},"11":{"start":{"line":38,"column":2},"end":{"line":42,"column":3}},"12":{"start":{"line":39,"column":4},"end":{"line":39,"column":21}},"13":{"start":{"line":40,"column":18},"end":{"line":40,"column":71}},"14":{"start":{"line":41,"column":4},"end":{"line":41,"column":40}},"15":{"start":{"line":45,"column":2},"end":{"line":48,"column":3}},"16":{"start":{"line":46,"column":4},"end":{"line":46,"column":21}},"17":{"start":{"line":47,"column":4},"end":{"line":47,"column":30}},"18":{"start":{"line":50,"column":2},"end":{"line":53,"column":3}},"19":{"start":{"line":51,"column":4},"end":{"line":51,"column":21}},"20":{"start":{"line":52,"column":4},"end":{"line":52,"column":30}},"21":{"start":{"line":55,"column":2},"end":{"line":59,"column":5}},"22":{"start":{"line":62,"column":9},"end":{"line":62,"column":21}}},"fnMap":{"0":{"name":"(anonymous_0)","decl":{"start":{"line":10,"column":21},"end":{"line":10,"column":null}},"loc":{"start":{"line":15,"column":4},"end":{"line":60,"column":1}}},"1":{"name":"(anonymous_1)","decl":{"start":{"line":26,"column":38},"end":{"line":26,"column":39}},"loc":{"start":{"line":26,"column":46},"end":{"line":28,"column":7}}}},"branchMap":{"0":{"loc":{"start":{"line":18,"column":19},"end":{"line":18,"column":40}},"type":"binary-expr","locations":[{"start":{"line":18,"column":19},"end":{"line":18,"column":33}},{"start":{"line":18,"column":37},"end":{"line":18,"column":40}}]},"1":{"loc":{"start":{"line":19,"column":16},"end":{"line":19,"column":54}},"type":"binary-expr","locations":[{"start":{"line":19,"column":16},"end":{"line":19,"column":27}},{"start":{"line":19,"column":31},"end":{"line":19,"column":54}}]},"2":{"loc":{"start":{"line":22,"column":2},"end":{"line":35,"column":3}},"type":"if","locations":[{"start":{"line":22,"column":2},"end":{"line":35,"column":3}},{"start":{},"end":{}}]},"3":{"loc":{"start":{"line":25,"column":4},"end":{"line":29,"column":5}},"type":"if","locations":[{"start":{"line":25,"column":4},"end":{"line":29,"column":5}},{"start":{},"end":{}}]},"4":{"loc":{"start":{"line":27,"column":22},"end":{"line":27,"column":67}},"type":"binary-expr","locations":[{"start":{"line":27,"column":22},"end":{"line":27,"column":48}},{"start":{"line":27,"column":52},"end":{"line":27,"column":67}}]},"5":{"loc":{"start":{"line":27,"column":22},"end":{"line":27,"column":48}},"type":"cond-expr","locations":[{"start":{"line":27,"column":39},"end":{"line":27,"column":41}},{"start":{"line":27,"column":39},"end":{"line":27,"column":48}}]},"6":{"loc":{"start":{"line":27,"column":22},"end":{"line":27,"column":41}},"type":"binary-expr","locations":[{"start":{"line":27,"column":22},"end":{"line":27,"column":41}},{"start":{"line":27,"column":39},"end":{"line":27,"column":41}}]},"7":{"loc":{"start":{"line":27,"column":22},"end":{"line":27,"column":39}},"type":"cond-expr","locations":[{"start":{"line":27,"column":32},"end":{"line":27,"column":35}},{"start":{"line":27,"column":32},"end":{"line":27,"column":39}}]},"8":{"loc":{"start":{"line":27,"column":22},"end":{"line":27,"column":35}},"type":"binary-expr","locations":[{"start":{"line":27,"column":22},"end":{"line":27,"column":35}},{"start":{"line":27,"column":32},"end":{"line":27,"column":35}}]},"9":{"loc":{"start":{"line":38,"column":2},"end":{"line":42,"column":3}},"type":"if","locations":[{"start":{"line":38,"column":2},"end":{"line":42,"column":3}},{"start":{},"end":{}}]},"10":{"loc":{"start":{"line":40,"column":18},"end":{"line":40,"column":71}},"type":"cond-expr","locations":[{"start":{"line":40,"column":33},"end":{"line":40,"column":61}},{"start":{"line":40,"column":64},"end":{"line":40,"column":71}}]},"11":{"loc":{"start":{"line":45,"column":2},"end":{"line":48,"column":3}},"type":"if","locations":[{"start":{"line":45,"column":2},"end":{"line":48,"column":3}},{"start":{},"end":{}}]},"12":{"loc":{"start":{"line":50,"column":2},"end":{"line":53,"column":3}},"type":"if","locations":[{"start":{"line":50,"column":2},"end":{"line":53,"column":3}},{"start":{},"end":{}}]},"13":{"loc":{"start":{"line":58,"column":8},"end":{"line":58,"column":70}},"type":"binary-expr","locations":[{"start":{"line":58,"column":8},"end":{"line":58,"column":46}},{"start":{"line":58,"column":50},"end":{"line":58,"column":70}}]}},"s":{"0":0,"1":0,"2":0,"3":0,"4":0,"5":0,"6":0,"7":0,"8":0,"9":0,"10":0,"11":0,"12":0,"13":0,"14":0,"15":0,"16":0,"17":0,"18":0,"19":0,"20":0,"21":0,"22":0},"f":{"0":0,"1":0},"b":{"0":[0,0],"1":[0,0],"2":[0,0],"3":[0,0],"4":[0,0],"5":[0,0],"6":[0,0],"7":[0,0],"8":[0,0],"9":[0,0],"10":[0,0],"11":[0,0],"12":[0,0],"13":[0,0]}}
,"C:\\Users\\shiva\\Desktop\\juniorq\\backend\\src\\routes\\assignmentRoutes.ts": {"path":"C:\\Users\\shiva\\Desktop\\juniorq\\backend\\src\\routes\\assignmentRoutes.ts","statementMap":{"0":{"start":{"line":1,"column":0},"end":{"line":1,"column":30}},"1":{"start":{"line":2,"column":0},"end":{"line":2,"column":41}},"2":{"start":{"line":3,"column":0},"end":{"line":3,"column":null}},"3":{"start":{"line":12,"column":0},"end":{"line":12,"column":56}},"4":{"start":{"line":13,"column":0},"end":{"line":13,"column":50}},"5":{"start":{"line":15,"column":15},"end":{"line":15,"column":31}},"6":{"start":{"line":18,"column":0},"end":{"line":18,"column":20}},"7":{"start":{"line":21,"column":0},"end":{"line":21,"column":32}},"8":{"start":{"line":24,"column":0},"end":{"line":24,"column":34}},"9":{"start":{"line":27,"column":0},"end":{"line":46,"column":2}},"10":{"start":{"line":37,"column":40},"end":{"line":37,"column":74}},"11":{"start":{"line":41,"column":40},"end":{"line":41,"column":74}},"12":{"start":{"line":49,"column":0},"end":{"line":60,"column":2}},"13":{"start":{"line":63,"column":0},"end":{"line":63,"column":71}},"14":{"start":{"line":66,"column":0},"end":{"line":95,"column":2}},"15":{"start":{"line":71,"column":4},"end":{"line":81,"column":5}},"16":{"start":{"line":72,"column":6},"end":{"line":80,"column":9}},"17":{"start":{"line":73,"column":8},"end":{"line":78,"column":9}},"18":{"start":{"line":74,"column":10},"end":{"line":77,"column":13}},"19":{"start":{"line":79,"column":8},"end":{"line":79,"column":15}},"20":{"start":{"line":82,"column":4},"end":{"line":82,"column":11}},"21":{"start":{"line":86,"column":40},"end":{"line":86,"column":74}},"22":{"start":{"line":90,"column":40},"end":{"line":90,"column":89}},"23":{"start":{"line":92,"column":49},"end":{"line":92,"column":100}},"24":{"start":{"line":98,"column":0},"end":{"line":106,"column":2}},"25":{"start":{"line":108,"column":0},"end":{"line":108,"column":22}}},"fnMap":{"0":{"name":"(anonymous_1)","decl":{"start":{"line":37,"column":10},"end":{"line":37,"column":11}},"loc":{"start":{"line":37,"column":40},"end":{"line":37,"column":74}}},"1":{"name":"(anonymous_2)","decl":{"start":{"line":41,"column":10},"end":{"line":41,"column":11}},"loc":{"start":{"line":41,"column":40},"end":{"line":41,"column":74}}},"2":{"name":"(anonymous_3)","decl":{"start":{"line":69,"column":2},"end":{"line":69,"column":3}},"loc":{"start":{"line":69,"column":36},"end":{"line":83,"column":3}}},"3":{"name":"(anonymous_4)","decl":{"start":{"line":72,"column":49},"end":{"line":72,"column":50}},"loc":{"start":{"line":72,"column":62},"end":{"line":80,"column":7}}},"4":{"name":"(anonymous_5)","decl":{"start":{"line":86,"column":10},"end":{"line":86,"column":11}},"loc":{"start":{"line":86,"column":40},"end":{"line":86,"column":74}}},"5":{"name":"(anonymous_6)","decl":{"start":{"line":90,"column":10},"end":{"line":90,"column":11}},"loc":{"start":{"line":90,"column":40},"end":{"line":90,"column":89}}},"6":{"name":"(anonymous_7)","decl":{"start":{"line":92,"column":19},"end":{"line":92,"column":20}},"loc":{"start":{"line":92,"column":49},"end":{"line":92,"column":100}}}},"branchMap":{"0":{"loc":{"start":{"line":71,"column":4},"end":{"line":81,"column":5}},"type":"if","locations":[{"start":{"line":71,"column":4},"end":{"line":81,"column":5}},{"start":{},"end":{}}]},"1":{"loc":{"start":{"line":73,"column":8},"end":{"line":78,"column":9}},"type":"if","locations":[{"start":{"line":73,"column":8},"end":{"line":78,"column":9}},{"start":{},"end":{}}]}},"s":{"0":0,"1":0,"2":0,"3":0,"4":0,"5":0,"6":0,"7":0,"8":0,"9":0,"10":0,"11":0,"12":0,"13":0,"14":0,"15":0,"16":0,"17":0,"18":0,"19":0,"20":0,"21":0,"22":0,"23":0,"24":0,"25":0},"f":{"0":0,"1":0,"2":0,"3":0,"4":0,"5":0,"6":0},"b":{"0":[0,0],"1":[0,0]}}
,"C:\\Users\\shiva\\Desktop\\juniorq\\backend\\src\\routes\\authRoutes.ts": {"path":"C:\\Users\\shiva\\Desktop\\juniorq\\backend\\src\\routes\\authRoutes.ts","statementMap":{"0":{"start":{"line":1,"column":0},"end":{"line":1,"column":30}},"1":{"start":{"line":2,"column":0},"end":{"line":2,"column":41}},"2":{"start":{"line":3,"column":0},"end":{"line":3,"column":null}},"3":{"start":{"line":11,"column":0},"end":{"line":11,"column":45}},"4":{"start":{"line":13,"column":15},"end":{"line":13,"column":31}},"5":{"start":{"line":16,"column":0},"end":{"line":24,"column":2}},"6":{"start":{"line":26,"column":0},"end":{"line":33,"column":2}},"7":{"start":{"line":35,"column":0},"end":{"line":39,"column":2}},"8":{"start":{"line":41,"column":0},"end":{"line":45,"column":2}},"9":{"start":{"line":48,"column":0},"end":{"line":48,"column":20}},"10":{"start":{"line":50,"column":0},"end":{"line":50,"column":25}},"11":{"start":{"line":51,"column":0},"end":{"line":51,"column":30}},"12":{"start":{"line":53,"column":0},"end":{"line":53,"column":22}}},"fnMap":{},"branchMap":{},"s":{"0":0,"1":0,"2":0,"3":0,"4":0,"5":0,"6":0,"7":0,"8":0,"9":0,"10":0,"11":0,"12":0},"f":{},"b":{}}
,"C:\\Users\\shiva\\Desktop\\juniorq\\backend\\src\\types\\express\\index.d.ts": {"path":"C:\\Users\\shiva\\Desktop\\juniorq\\backend\\src\\types\\express\\index.d.ts","statementMap":{},"fnMap":{},"branchMap":{},"s":{},"f":{},"b":{}}
,"C:\\Users\\shiva\\Desktop\\juniorq\\backend\\src\\utils\\codeExecutor.ts": {"path":"C:\\Users\\shiva\\Desktop\\juniorq\\backend\\src\\utils\\codeExecutor.ts","statementMap":{"0":{"start":{"line":58,"column":0},"end":{"line":58,"column":7}},"1":{"start":{"line":220,"column":0},"end":{"line":220,"column":7}},"2":{"start":{"line":1,"column":0},"end":{"line":1,"column":44}},"3":{"start":{"line":2,"column":0},"end":{"line":2,"column":33}},"4":{"start":{"line":3,"column":0},"end":{"line":3,"column":20}},"5":{"start":{"line":4,"column":0},"end":{"line":4,"column":24}},"6":{"start":{"line":5,"column":0},"end":{"line":5,"column":36}},"7":{"start":{"line":7,"column":20},"end":{"line":7,"column":35}},"8":{"start":{"line":8,"column":18},"end":{"line":8,"column":41}},"9":{"start":{"line":9,"column":15},"end":{"line":9,"column":35}},"10":{"start":{"line":32,"column":5},"end":{"line":56,"column":2}},"11":{"start":{"line":35,"column":30},"end":{"line":35,"column":48}},"12":{"start":{"line":39,"column":30},"end":{"line":39,"column":51}},"13":{"start":{"line":44,"column":30},"end":{"line":44,"column":72}},"14":{"start":{"line":49,"column":30},"end":{"line":49,"column":49}},"15":{"start":{"line":54,"column":30},"end":{"line":54,"column":49}},"16":{"start":{"line":65,"column":6},"end":{"line":65,"column":13}},"17":{"start":{"line":67,"column":17},"end":{"line":67,"column":56}},"18":{"start":{"line":69,"column":2},"end":{"line":71,"column":3}},"19":{"start":{"line":70,"column":4},"end":{"line":70,"column":57}},"20":{"start":{"line":73,"column":18},"end":{"line":73,"column":52}},"21":{"start":{"line":74,"column":19},"end":{"line":74,"column":52}},"22":{"start":{"line":75,"column":19},"end":{"line":75,"column":47}},"23":{"start":{"line":78,"column":2},"end":{"line":80,"column":3}},"24":{"start":{"line":79,"column":4},"end":{"line":79,"column":47}},"25":{"start":{"line":82,"column":2},"end":{"line":216,"column":3}},"26":{"start":{"line":84,"column":4},"end":{"line":84,"column":36}},"27":{"start":{"line":87,"column":4},"end":{"line":102,"column":5}},"28":{"start":{"line":88,"column":25},"end":{"line":90,"column":89}},"29":{"start":{"line":92,"column":6},"end":{"line":101,"column":7}},"30":{"start":{"line":93,"column":8},"end":{"line":93,"column":65}},"31":{"start":{"line":95,"column":8},"end":{"line":100,"column":10}},"32":{"start":{"line":105,"column":21},"end":{"line":105,"column":78}},"33":{"start":{"line":108,"column":22},"end":{"line":108,"column":38}},"34":{"start":{"line":109,"column":19},"end":{"line":109,"column":46}},"35":{"start":{"line":110,"column":18},"end":{"line":114,"column":6}},"36":{"start":{"line":116,"column":17},"end":{"line":116,"column":19}},"37":{"start":{"line":117,"column":22},"end":{"line":117,"column":24}},"38":{"start":{"line":118,"column":24},"end":{"line":118,"column":25}},"39":{"start":{"line":121,"column":4},"end":{"line":123,"column":7}},"40":{"start":{"line":122,"column":6},"end":{"line":122,"column":32}},"41":{"start":{"line":126,"column":4},"end":{"line":128,"column":7}},"42":{"start":{"line":127,"column":6},"end":{"line":127,"column":37}},"43":{"start":{"line":131,"column":4},"end":{"line":134,"column":5}},"44":{"start":{"line":132,"column":6},"end":{"line":132,"column":34}},"45":{"start":{"line":133,"column":6},"end":{"line":133,"column":24}},"46":{"start":{"line":137,"column":21},"end":{"line":143,"column":6}},"47":{"start":{"line":138,"column":6},"end":{"line":142,"column":9}},"48":{"start":{"line":139,"column":39},"end":{"line":139,"column":64}},"49":{"start":{"line":140,"column":8},"end":{"line":140,"column":59}},"50":{"start":{"line":141,"column":8},"end":{"line":141,"column":22}},"51":{"start":{"line":146,"column":4},"end":{"line":153,"column":5}},"52":{"start":{"line":147,"column":6},"end":{"line":152,"column":8}},"53":{"start":{"line":156,"column":4},"end":{"line":163,"column":5}},"54":{"start":{"line":157,"column":6},"end":{"line":162,"column":8}},"55":{"start":{"line":166,"column":28},"end":{"line":166,"column":41}},"56":{"start":{"line":167,"column":17},"end":{"line":167,"column":21}},"57":{"start":{"line":169,"column":4},"end":{"line":182,"column":5}},"58":{"start":{"line":170,"column":6},"end":{"line":181,"column":7}},"59":{"start":{"line":172,"column":8},"end":{"line":174,"column":9}},"60":{"start":{"line":173,"column":10},"end":{"line":173,"column":50}},"61":{"start":{"line":177,"column":8},"end":{"line":177,"column":81}},"62":{"start":{"line":180,"column":8},"end":{"line":180,"column":49}},"63":{"start":{"line":184,"column":4},"end":{"line":190,"column":6}},"64":{"start":{"line":192,"column":4},"end":{"line":197,"column":6}},"65":{"start":{"line":200,"column":4},"end":{"line":215,"column":5}},"66":{"start":{"line":201,"column":6},"end":{"line":201,"column":29}},"67":{"start":{"line":204,"column":6},"end":{"line":212,"column":7}},"68":{"start":{"line":205,"column":33},"end":{"line":207,"column":90}},"69":{"start":{"line":209,"column":8},"end":{"line":211,"column":9}},"70":{"start":{"line":210,"column":10},"end":{"line":210,"column":41}},"71":{"start":{"line":214,"column":6},"end":{"line":214,"column":72}},"72":{"start":{"line":231,"column":18},"end":{"line":231,"column":20}},"73":{"start":{"line":232,"column":15},"end":{"line":232,"column":16}},"74":{"start":{"line":233,"column":15},"end":{"line":233,"column":16}},"75":{"start":{"line":235,"column":2},"end":{"line":255,"column":3}},"76":{"start":{"line":236,"column":19},"end":{"line":242,"column":6}},"77":{"start":{"line":244,"column":4},"end":{"line":248,"column":7}},"78":{"start":{"line":250,"column":4},"end":{"line":254,"column":5}},"79":{"start":{"line":251,"column":6},"end":{"line":251,"column":15}},"80":{"start":{"line":253,"column":6},"end":{"line":253,"column":15}},"81":{"start":{"line":257,"column":2},"end":{"line":262,"column":4}}},"fnMap":{"0":{"name":"(anonymous_1)","decl":{"start":{"line":35,"column":16},"end":{"line":35,"column":17}},"loc":{"start":{"line":35,"column":30},"end":{"line":35,"column":48}}},"1":{"name":"(anonymous_2)","decl":{"start":{"line":39,"column":16},"end":{"line":39,"column":17}},"loc":{"start":{"line":39,"column":30},"end":{"line":39,"column":51}}},"2":{"name":"(anonymous_3)","decl":{"start":{"line":44,"column":16},"end":{"line":44,"column":17}},"loc":{"start":{"line":44,"column":30},"end":{"line":44,"column":72}}},"3":{"name":"(anonymous_4)","decl":{"start":{"line":49,"column":16},"end":{"line":49,"column":17}},"loc":{"start":{"line":49,"column":30},"end":{"line":49,"column":49}}},"4":{"name":"(anonymous_5)","decl":{"start":{"line":54,"column":16},"end":{"line":54,"column":17}},"loc":{"start":{"line":54,"column":30},"end":{"line":54,"column":49}}},"5":{"name":"executeCode","decl":{"start":{"line":58,"column":22},"end":{"line":58,"column":33}},"loc":{"start":{"line":58,"column":61},"end":{"line":217,"column":1}}},"6":{"name":"(anonymous_7)","decl":{"start":{"line":121,"column":28},"end":{"line":121,"column":29}},"loc":{"start":{"line":121,"column":37},"end":{"line":123,"column":5}}},"7":{"name":"(anonymous_8)","decl":{"start":{"line":126,"column":28},"end":{"line":126,"column":29}},"loc":{"start":{"line":126,"column":37},"end":{"line":128,"column":5}}},"8":{"name":"(anonymous_9)","decl":{"start":{"line":137,"column":54},"end":{"line":137,"column":55}},"loc":{"start":{"line":137,"column":66},"end":{"line":143,"column":5}}},"9":{"name":"(anonymous_10)","decl":{"start":{"line":138,"column":24},"end":{"line":138,"column":25}},"loc":{"start":{"line":138,"column":33},"end":{"line":142,"column":7}}},"10":{"name":"runTestCases","decl":{"start":{"line":220,"column":22},"end":{"line":220,"column":34}},"loc":{"start":{"line":224,"column":16},"end":{"line":263,"column":1}}}},"branchMap":{"0":{"loc":{"start":{"line":61,"column":4},"end":{"line":61,"column":27}},"type":"default-arg","locations":[{"start":{"line":61,"column":15},"end":{"line":61,"column":27}}]},"1":{"loc":{"start":{"line":64,"column":4},"end":{"line":64,"column":18}},"type":"default-arg","locations":[{"start":{"line":64,"column":14},"end":{"line":64,"column":18}}]},"2":{"loc":{"start":{"line":69,"column":2},"end":{"line":71,"column":3}},"type":"if","locations":[{"start":{"line":69,"column":2},"end":{"line":71,"column":3}},{"start":{},"end":{}}]},"3":{"loc":{"start":{"line":78,"column":2},"end":{"line":80,"column":3}},"type":"if","locations":[{"start":{"line":78,"column":2},"end":{"line":80,"column":3}},{"start":{},"end":{}}]},"4":{"loc":{"start":{"line":87,"column":4},"end":{"line":102,"column":5}},"type":"if","locations":[{"start":{"line":87,"column":4},"end":{"line":102,"column":5}},{"start":{},"end":{}}]},"5":{"loc":{"start":{"line":98,"column":39},"end":{"line":98,"column":82}},"type":"binary-expr","locations":[{"start":{"line":98,"column":39},"end":{"line":98,"column":58}},{"start":{"line":98,"column":62},"end":{"line":98,"column":82}}]},"6":{"loc":{"start":{"line":105,"column":21},"end":{"line":105,"column":78}},"type":"cond-expr","locations":[{"start":{"line":105,"column":49},"end":{"line":105,"column":54}},{"start":{"line":105,"column":57},"end":{"line":105,"column":78}}]},"7":{"loc":{"start":{"line":131,"column":4},"end":{"line":134,"column":5}},"type":"if","locations":[{"start":{"line":131,"column":4},"end":{"line":134,"column":5}},{"start":{},"end":{}}]},"8":{"loc":{"start":{"line":146,"column":4},"end":{"line":153,"column":5}},"type":"if","locations":[{"start":{"line":146,"column":4},"end":{"line":153,"column":5}},{"start":{},"end":{}}]},"9":{"loc":{"start":{"line":156,"column":4},"end":{"line":163,"column":5}},"type":"if","locations":[{"start":{"line":156,"column":4},"end":{"line":163,"column":5}},{"start":{},"end":{}}]},"10":{"loc":{"start":{"line":160,"column":15},"end":{"line":160,"column":68}},"type":"binary-expr","locations":[{"start":{"line":160,"column":15},"end":{"line":160,"column":26}},{"start":{"line":160,"column":30},"end":{"line":160,"column":68}}]},"11":{"loc":{"start":{"line":169,"column":4},"end":{"line":182,"column":5}},"type":"if","locations":[{"start":{"line":169,"column":4},"end":{"line":182,"column":5}},{"start":{},"end":{}}]},"12":{"loc":{"start":{"line":172,"column":8},"end":{"line":174,"column":9}},"type":"if","locations":[{"start":{"line":172,"column":8},"end":{"line":174,"column":9}},{"start":{},"end":{}}]},"13":{"loc":{"start":{"line":172,"column":12},"end":{"line":172,"column":72}},"type":"binary-expr","locations":[{"start":{"line":172,"column":12},"end":{"line":172,"column":40}},{"start":{"line":172,"column":44},"end":{"line":172,"column":72}}]},"14":{"loc":{"start":{"line":187,"column":13},"end":{"line":187,"column":32}},"type":"binary-expr","locations":[{"start":{"line":187,"column":13},"end":{"line":187,"column":24}},{"start":{"line":187,"column":28},"end":{"line":187,"column":32}}]},"15":{"loc":{"start":{"line":195,"column":13},"end":{"line":195,"column":54}},"type":"binary-expr","locations":[{"start":{"line":195,"column":13},"end":{"line":195,"column":26}},{"start":{"line":195,"column":30},"end":{"line":195,"column":54}}]},"16":{"loc":{"start":{"line":204,"column":6},"end":{"line":212,"column":7}},"type":"if","locations":[{"start":{"line":204,"column":6},"end":{"line":212,"column":7}},{"start":{},"end":{}}]},"17":{"loc":{"start":{"line":205,"column":33},"end":{"line":207,"column":90}},"type":"cond-expr","locations":[{"start":{"line":206,"column":12},"end":{"line":206,"column":29}},{"start":{"line":207,"column":12},"end":{"line":207,"column":90}}]},"18":{"loc":{"start":{"line":209,"column":8},"end":{"line":211,"column":9}},"type":"if","locations":[{"start":{"line":209,"column":8},"end":{"line":211,"column":9}},{"start":{},"end":{}}]},"19":{"loc":{"start":{"line":224,"column":2},"end":{"line":224,"column":16}},"type":"default-arg","locations":[{"start":{"line":224,"column":12},"end":{"line":224,"column":16}}]},"20":{"loc":{"start":{"line":250,"column":4},"end":{"line":254,"column":5}},"type":"if","locations":[{"start":{"line":250,"column":4},"end":{"line":254,"column":5}},{"start":{"line":252,"column":11},"end":{"line":254,"column":5}}]}},"s":{"0":0,"1":0,"2":0,"3":0,"4":0,"5":0,"6":0,"7":0,"8":0,"9":0,"10":0,"11":0,"12":0,"13":0,"14":0,"15":0,"16":0,"17":0,"18":0,"19":0,"20":0,"21":0,"22":0,"23":0,"24":0,"25":0,"26":0,"27":0,"28":0,"29":0,"30":0,"31":0,"32":0,"33":0,"34":0,"35":0,"36":0,"37":0,"38":0,"39":0,"40":0,"41":0,"42":0,"43":0,"44":0,"45":0,"46":0,"47":0,"48":0,"49":0,"50":0,"51":0,"52":0,"53":0,"54":0,"55":0,"56":0,"57":0,"58":0,"59":0,"60":0,"61":0,"62":0,"63":0,"64":0,"65":0,"66":0,"67":0,"68":0,"69":0,"70":0,"71":0,"72":0,"73":0,"74":0,"75":0,"76":0,"77":0,"78":0,"79":0,"80":0,"81":0},"f":{"0":0,"1":0,"2":0,"3":0,"4":0,"5":0,"6":0,"7":0,"8":0,"9":0,"10":0},"b":{"0":[0],"1":[0],"2":[0,0],"3":[0,0],"4":[0,0],"5":[0,0],"6":[0,0],"7":[0,0],"8":[0,0],"9":[0,0],"10":[0,0],"11":[0,0],"12":[0,0],"13":[0,0],"14":[0,0],"15":[0,0],"16":[0,0],"17":[0,0],"18":[0,0],"19":[0],"20":[0,0]}}
}
